This is pdfTeX, Version 3.14159265-2.6-1.40.19 (MiKTeX 2.9.6630 64-bit) (preloaded format=pdflatex 2018.5.11)  17 APR 2020 11:09
entering extended mode
**./ToT.tex
(ToT.tex
LaTeX2e <2017-04-15>
Babel <3.18> and hyphenation patterns for 75 language(s) loaded.
("C:\Users\Asus\AppData\Local\Programs\MiKTeX 2.9\tex\latex\base\article.cls"
Document Class: article 2014/09/29 v1.4h Standard LaTeX document class
("C:\Users\Asus\AppData\Local\Programs\MiKTeX 2.9\tex\latex\base\size10.clo"
File: size10.clo 2014/09/29 v1.4h Standard LaTeX file (size option)
)
\c@part=\count79
\c@section=\count80
\c@subsection=\count81
\c@subsubsection=\count82
\c@paragraph=\count83
\c@subparagraph=\count84
\c@figure=\count85
\c@table=\count86
\abovecaptionskip=\skip41
\belowcaptionskip=\skip42
\bibindent=\dimen102
)
________________________________________
|======================================|
|. . . . . . . . . . . . . . . . . . . |
|. . . . .____ .____.____. . . . . . . |
|. . . . . .|ales of :|eX. . . . . . . |
|. . . . . . . . . . . . . . . . . . . |
|. . . . . . . . . . . . . . . . . . . |
|:.:.:.:.:.:.:.:.:.:.:.:.:.:._._.:.:.:.|
|:.:.:.:._.:.:.:.:.:.:.:_._.( ' ):.:.:.|
|:.:.:.:( ')_:.:.:.:.:.(_________).:.:.|
|:.:.:.(_____).:.:.:.:.:.:.:.:.:.:.:.:.|
|:.:.:.:.:.:.:.:.:.:.:.:.:.:.:.:.:o .:.|
|:.:.:.:.:.:.[PRESS ENTER].:.:.:./|\ .:|
|:::_____::::::::::::::::::::::::/ \ ::|
|: /_'_'/\ ::::::_|_:::::::::::________|
|:/____/__\ ::::::|:::::::::::/________|
|:|[][]||||::::::[ ]:::::::::/_________|
|===========================/__________|
|......................................|
|.............Vlada(2020)..............|


\continue=
________________________________________
|======================================|
|. . . . . . . . . . . . . . . . . . . |
|. . . . . . . . . . . . . . . . . . . |
|.. .Welcome to the kingdom of Tex,. . |
|. .a place in constant war between. . |
|:.:.:.:.:.humans and fairies:.:.:.:.:.|
|:.:.:.:.:.:.:.:.:.:.:.:.:.:.:.:.:.:.:.|
|:.:.:.:.:.:.:.:.:.:.:.:.:.:.:.:.:.:.:.|
|:.:.:.:.:.:.:.:.:.:.:.:.:.:.:.:.:.:.:.|
|:.:.:.:.:.:.:. .:.:.:.:.:.:.:.:.:.:.:.|
|:.:.:.:.:.:.: |______________:.:.:.:.:|
|:.:.:.:[======|______________> .:.:.:.|
|::::::::::::: | . . . . . . .:::::::::|
|::::::::::::: ' ::::::::::::::::::::::|
|::::::::::::::::::::::::::::::::::::::|
|::::::::::::::::::::::::::::::::::::::|
|::::::::::::::::::::::::::::::::::::::|
|::::::::::::::::::::::::::::::::::::::|
|............[PRESS ENTER].............|


\continue=
________________________________________
|======================================|
|. . . . . . . . . . . . . . . . . . . |
|. . . . . . . . . . . . . . . . . . . |
| A war for control of the "Mathbfle". |
|. . . .a force so powerful that . . . |
|:.:.:whoever possesses it would.:.:.:.|
|:.:.:.:.:.:rule both sides:.:.:.:.:.:.|
|:.:.:.:.:.:.:.:.:.:.:.:.:.:.:.:.:.:.:.|
|:.:.:.:.:.:.:.:.:.:.:.:.:.:.:.:.:.:.:.|
|:.:.:.:.:.:.:. .:.:.:.:.:.:.:.:.:.:.:.|
|:.:.:.:.:.:.: |______________:.:.:.:.:|
|:.:.:.:[======|______________> .:.:.:.|
|::::::::::::: | . . . . . . .:::::::::|
|::::::::::::: ' ::::::::::::::::::::::|
|::::::::::::::::::::::::::::::::::::::|
|::::::::::::::::::::::::::::::::::::::|
|::::::::::::::::::::::::::::::::::::::|
|::::::::::::::::::::::::::::::::::::::|
|............[PRESS ENTER].............|


\continue=
________________________________________
|======================================|
|. . . . . . . . . . . . . . . . . . . |
|. . . . . . . . . . . . . . . . . . . |
|. . You were teleported through. . . .|
|. . .a portal to this universe. . . . |
|:.: To bring peace to the kingdom.:.:.|
|:.:.:.:.:.:.:.:.:.:.:.:.:.:.:.:.:.:.:.|
|:.:.:.:.:.:.:.:.:.:.:.:.:.:.:.:.:.:.:.|
|:.:.:.:.:.:.:.:.:.:.:.:.:.:.:.:.:.:.:.|
|:.:.:.:.:.:.:. .:.:.:.:.:.:.:.:.:.:.:.|
|:.:.:.:.:.:.: |______________:.:.:.:.:|
|:.:.:.:[======|______________> .:.:.:.|
|::::::::::::: | . . . . . . .:::::::::|
|::::::::::::: ' ::::::::::::::::::::::|
|::::::::::::: ' ::::::::::::::::::::::|
|::::::::::::::::::::::::::::::::::::::|
|::::::::::::::::::::::::::::::::::::::|
|::::::::::::::::::::::::::::::::::::::|
|............[PRESS ENTER].............|


\continue=
________________________________________
|======================================|
|. . . . . . . . . . . . . . . . . . . |
|. . . . . . . . . . . . . . . . . . . |
|. . . . . . . . . . . . . . . . . . . |
|. . . . . . . . . . . . . . . . . . . |
|:.:.:.:.:.:.:.:.:.:.:.:.:.:.:.:.:.:.:.|
|:.:.:.:.:.:.:.:.:.:.:.:.:.:.:.:.:.:.:.|
|:.:.:.:.:.:.:.:.:.:.:.:.:.:.:.:.:.:.:.|
|:.:.:.:.:.:.:.:.:.:.:.:.:.:.:.:.:.:.:.|
|:.:.:.:.:.:.:.:.:.:.:.:.:.:.:.:.:.:.:.|
|::::::::::::::::::::::::::::::::::::::|
|::::::::::::::::::::::::::::::::::::::|
|::::::::::::::::::::::::::::::::::::::|
|::::::::::::::::::::::::::::::::::::::|
|+====================================+|
|o Where I am?. . . . . . . . . . . . .|
|. . . . . . . . . . . . . . . . . . . |
|. . . . . . . . . . . . . . . . . . . |
|============[PRESS ENTER]=============|


\continue=
________________________________________
|======================================|
|. . . . . . . . .sSSSs . . . . . . . .|
|. . . . . . . . SSSSSSS . . . . . . . |
|. . . . . . . . SSSSSSS . . . . . . . |
|. . . . . . . . .SSSSS . . . . . . . .|
|:.:.:.:.:.:.: .--'SSS---:.:.:.:.:.:.:.|
|:.:.:.:.:.:.: /. . SS. .\.:.:.:.:.:.:.|
|:.:.:.:.:.:../ |. . . .| \.:.:.:.:.:.:|
|:.:.:.:.:.: / / \ .:. / \ \.:.:.:.:.:.|
|:.:.:.:.:.:( (. .) : (. .) ).:.:.:.:.:|
|:::::::::.: \ \ /. . .\ / /:::::::::::|
|:::::::::.:.`\./___.___\/`_____:::::::|
|:::::::::: /--;. . . . .;-----/:::::::|
|::::::::: /____'.__|__.'_____/ ::: ???|
|+====================================+|
|o I thought you would never get up . .|
|. Are you okay? . . . . . . . . . . . |
|. . . . . . . . . . . . . . . . . . . |
|============[PRESS ENTER]=============|


\continue=
________________________________________
|======================================|
|. . . . . . . . . . . . . . . . . . . |
|. . . . . . . . . . . . . . . . . . . |
|. . . . . . . . . . . . . . . . . . . |
|. . . . . . . . . . . . . . . . . . . |
|:.:.:.:.:.:.:.:.:.:.:.:.:.:.:.:.:.:.:.|
|:.:.:.:.:.:.:.:.:.:.:.:.:.:.:.:.:.:.:.|
|:.:.:.:.:.:.:.:.:.:.:.:.:.:.:.:.:.:.:.|
|:.:.:.:.:.:.:.:.:.:.:.:.:.:.:.:.:.:.:.|
|:.:.:.:.:.:.:.:.:.:.:.:.:.:.:.:.:.:.:.|
|::::::::::::::::::::::::::::::::::::::|
|::::::::::::::::::::::::::::::::::::::|
|::::::::::::::::::::::::::::::::::::::|
|::::::::::::::::::::::::::::::::::::::|
|+====================================+|
|o Who are you? . . . . . . . . . . . .|
|. . . . . . . . . . . . . . . . . . . |
|. . . . . . . . . . . . . . . . . . . |
|============[PRESS ENTER]=============|


\continue=
________________________________________
|======================================|
|. . . . . . . . . . . . . . . . . . . |
|. . . . . . . . . . . . . . . . . . . |
|. . . . . . . . . . . . . . . . . . . |
|. . . . . . . . . . . . . . . . . . . |
|:.:.:.:.:.:.:.:.:.:.:.:.:.:.:.:.:.:.:.|
|:.:.:.:.:.:.:. sSSSss :.:.:.:.:.:.:.:.|
|:.:.:.:.:.:.: sS^,^|ss :.:.:.:.:.:.:.:|
|:.:.:.:.:.:.: SS\-/SSS .:.:.:.:.:.:.:.|
|:.:.:.:.:.:.: Ss| |SSS .:.:.:.:.:.:.:.|
|:::::::::::: /|-----SS .::::::::::::::|
|::::::::::::| (. |. )s| ::::::::::::::|
|::::::::::::| |-----| | ::::::::::::::|
|::::::::::::| |_____|_| :::::::::: Lua|
|+====================================+|
|o Im Lua-chan! I found you lying in. .|
|the bushes,You fell from the sky. . . |
|Whats your name? . . . . . . . . . . .|
|============[PRESS ENTER]=============|


\continue=
Im: 

\name=Leonardo
(ToT.aux)
\openout1 = `ToT.aux'.

LaTeX Font Info:    Checking defaults for OML/cmm/m/it on input line 300.
LaTeX Font Info:    ... okay on input line 300.
LaTeX Font Info:    Checking defaults for T1/cmr/m/n on input line 300.
LaTeX Font Info:    ... okay on input line 300.
LaTeX Font Info:    Checking defaults for OT1/cmr/m/n on input line 300.
LaTeX Font Info:    ... okay on input line 300.
LaTeX Font Info:    Checking defaults for OMS/cmsy/m/n on input line 300.
LaTeX Font Info:    ... okay on input line 300.
LaTeX Font Info:    Checking defaults for OMX/cmex/m/n on input line 300.
LaTeX Font Info:    ... okay on input line 300.
LaTeX Font Info:    Checking defaults for U/cmr/m/n on input line 300.
LaTeX Font Info:    ... okay on input line 300.
 [1

{C:/Users/Asus/AppData/Local/MiKTeX/2.9/pdftex/config/pdftex.map}]
(ToT.aux) ) 
Here is how much of TeX's memory you used:
 225 strings out of 493305
 2429 string characters out of 3130237
 60439 words of memory out of 3000000
 3862 multiletter control sequences out of 15000+200000
 3640 words of font info for 14 fonts, out of 3000000 for 9000
 1141 hyphenation exceptions out of 8191
 23i,4n,17p,167b,107s stack positions out of 5000i,500n,10000p,200000b,50000s
<C:/Users/Asus/AppData/Local/Programs/MiKTeX 2.9/fonts/type1/public/
amsfonts/cm/cmr10.pfb>
Output written on ToT.pdf (1 page, 19964 bytes).
PDF statistics:
 10 PDF objects out of 1000 (max. 8388607)
 0 named destinations out of 1000 (max. 500000)
 1 words of extra memory for PDF output out of 10000 (max. 10000000)

